findfont: Font family ['sans-serif'] not found. Falling back to DejaVu Sans.
/home/jiangjin/.local/lib/python3.6/site-packages/matplotlib/backends/backend_agg.py:211: RuntimeWarning: Glyph 32479 missing from current font.
  font.set_text(s, 0.0, flags=flags)
/home/jiangjin/.local/lib/python3.6/site-packages/matplotlib/backends/backend_agg.py:211: RuntimeWarning: Glyph 35745 missing from current font.
  font.set_text(s, 0.0, flags=flags)
/home/jiangjin/.local/lib/python3.6/site-packages/matplotlib/backends/backend_agg.py:211: RuntimeWarning: Glyph 22478 missing from current font.
  font.set_text(s, 0.0, flags=flags)
/home/jiangjin/.local/lib/python3.6/site-packages/matplotlib/backends/backend_agg.py:211: RuntimeWarning: Glyph 24066 missing from current font.
  font.set_text(s, 0.0, flags=flags)
/home/jiangjin/.local/lib/python3.6/site-packages/matplotlib/backends/backend_agg.py:211: RuntimeWarning: Glyph 21344 missing from current font.
  font.set_text(s, 0.0, flags=flags)
/home/jiangjin/.local/lib/python3.6/site-packages/matplotlib/backends/backend_agg.py:211: RuntimeWarning: Glyph 20840 missing from current font.
  font.set_text(s, 0.0, flags=flags)
/home/jiangjin/.local/lib/python3.6/site-packages/matplotlib/backends/backend_agg.py:211: RuntimeWarning: Glyph 37096 missing from current font.
  font.set_text(s, 0.0, flags=flags)
/home/jiangjin/.local/lib/python3.6/site-packages/matplotlib/backends/backend_agg.py:211: RuntimeWarning: Glyph 25307 missing from current font.
  font.set_text(s, 0.0, flags=flags)
/home/jiangjin/.local/lib/python3.6/site-packages/matplotlib/backends/backend_agg.py:211: RuntimeWarning: Glyph 32856 missing from current font.
  font.set_text(s, 0.0, flags=flags)
/home/jiangjin/.local/lib/python3.6/site-packages/matplotlib/backends/backend_agg.py:211: RuntimeWarning: Glyph 30340 missing from current font.
  font.set_text(s, 0.0, flags=flags)
/home/jiangjin/.local/lib/python3.6/site-packages/matplotlib/backends/backend_agg.py:211: RuntimeWarning: Glyph 27604 missing from current font.
  font.set_text(s, 0.0, flags=flags)
/home/jiangjin/.local/lib/python3.6/site-packages/matplotlib/backends/backend_agg.py:211: RuntimeWarning: Glyph 20363 missing from current font.
  font.set_text(s, 0.0, flags=flags)
findfont: Font family ['sans-serif'] not found. Falling back to DejaVu Sans.
/home/jiangjin/.local/lib/python3.6/site-packages/matplotlib/backends/backend_agg.py:211: RuntimeWarning: Glyph 19978 missing from current font.
  font.set_text(s, 0.0, flags=flags)
/home/jiangjin/.local/lib/python3.6/site-packages/matplotlib/backends/backend_agg.py:211: RuntimeWarning: Glyph 28023 missing from current font.
  font.set_text(s, 0.0, flags=flags)
/home/jiangjin/.local/lib/python3.6/site-packages/matplotlib/backends/backend_agg.py:180: RuntimeWarning: Glyph 19978 missing from current font.
  font.set_text(s, 0, flags=flags)
/home/jiangjin/.local/lib/python3.6/site-packages/matplotlib/backends/backend_agg.py:180: RuntimeWarning: Glyph 28023 missing from current font.
  font.set_text(s, 0, flags=flags)
/home/jiangjin/.local/lib/python3.6/site-packages/matplotlib/backends/backend_agg.py:211: RuntimeWarning: Glyph 28145 missing from current font.
  font.set_text(s, 0.0, flags=flags)
/home/jiangjin/.local/lib/python3.6/site-packages/matplotlib/backends/backend_agg.py:211: RuntimeWarning: Glyph 22323 missing from current font.
  font.set_text(s, 0.0, flags=flags)
/home/jiangjin/.local/lib/python3.6/site-packages/matplotlib/backends/backend_agg.py:180: RuntimeWarning: Glyph 28145 missing from current font.
  font.set_text(s, 0, flags=flags)
/home/jiangjin/.local/lib/python3.6/site-packages/matplotlib/backends/backend_agg.py:180: RuntimeWarning: Glyph 22323 missing from current font.
  font.set_text(s, 0, flags=flags)
/home/jiangjin/.local/lib/python3.6/site-packages/matplotlib/backends/backend_agg.py:211: RuntimeWarning: Glyph 21271 missing from current font.
  font.set_text(s, 0.0, flags=flags)
/home/jiangjin/.local/lib/python3.6/site-packages/matplotlib/backends/backend_agg.py:211: RuntimeWarning: Glyph 20140 missing from current font.
  font.set_text(s, 0.0, flags=flags)
/home/jiangjin/.local/lib/python3.6/site-packages/matplotlib/backends/backend_agg.py:180: RuntimeWarning: Glyph 21271 missing from current font.
  font.set_text(s, 0, flags=flags)
/home/jiangjin/.local/lib/python3.6/site-packages/matplotlib/backends/backend_agg.py:180: RuntimeWarning: Glyph 20140 missing from current font.
  font.set_text(s, 0, flags=flags)
/home/jiangjin/.local/lib/python3.6/site-packages/matplotlib/backends/backend_agg.py:211: RuntimeWarning: Glyph 24191 missing from current font.
  font.set_text(s, 0.0, flags=flags)
/home/jiangjin/.local/lib/python3.6/site-packages/matplotlib/backends/backend_agg.py:211: RuntimeWarning: Glyph 24030 missing from current font.
  font.set_text(s, 0.0, flags=flags)
/home/jiangjin/.local/lib/python3.6/site-packages/matplotlib/backends/backend_agg.py:180: RuntimeWarning: Glyph 24191 missing from current font.
  font.set_text(s, 0, flags=flags)
/home/jiangjin/.local/lib/python3.6/site-packages/matplotlib/backends/backend_agg.py:180: RuntimeWarning: Glyph 24030 missing from current font.
  font.set_text(s, 0, flags=flags)
/home/jiangjin/.local/lib/python3.6/site-packages/matplotlib/backends/backend_agg.py:211: RuntimeWarning: Glyph 26477 missing from current font.
  font.set_text(s, 0.0, flags=flags)
/home/jiangjin/.local/lib/python3.6/site-packages/matplotlib/backends/backend_agg.py:180: RuntimeWarning: Glyph 26477 missing from current font.
  font.set_text(s, 0, flags=flags)
/home/jiangjin/.local/lib/python3.6/site-packages/matplotlib/backends/backend_agg.py:211: RuntimeWarning: Glyph 21335 missing from current font.
  font.set_text(s, 0.0, flags=flags)
/home/jiangjin/.local/lib/python3.6/site-packages/matplotlib/backends/backend_agg.py:180: RuntimeWarning: Glyph 21335 missing from current font.
  font.set_text(s, 0, flags=flags)
/home/jiangjin/.local/lib/python3.6/site-packages/matplotlib/backends/backend_agg.py:211: RuntimeWarning: Glyph 25104 missing from current font.
  font.set_text(s, 0.0, flags=flags)
/home/jiangjin/.local/lib/python3.6/site-packages/matplotlib/backends/backend_agg.py:211: RuntimeWarning: Glyph 37117 missing from current font.
  font.set_text(s, 0.0, flags=flags)
/home/jiangjin/.local/lib/python3.6/site-packages/matplotlib/backends/backend_agg.py:180: RuntimeWarning: Glyph 25104 missing from current font.
  font.set_text(s, 0, flags=flags)
/home/jiangjin/.local/lib/python3.6/site-packages/matplotlib/backends/backend_agg.py:180: RuntimeWarning: Glyph 37117 missing from current font.
  font.set_text(s, 0, flags=flags)
/home/jiangjin/.local/lib/python3.6/site-packages/matplotlib/backends/backend_agg.py:211: RuntimeWarning: Glyph 27494 missing from current font.
  font.set_text(s, 0.0, flags=flags)
/home/jiangjin/.local/lib/python3.6/site-packages/matplotlib/backends/backend_agg.py:211: RuntimeWarning: Glyph 27721 missing from current font.
  font.set_text(s, 0.0, flags=flags)
/home/jiangjin/.local/lib/python3.6/site-packages/matplotlib/backends/backend_agg.py:180: RuntimeWarning: Glyph 27494 missing from current font.
  font.set_text(s, 0, flags=flags)
/home/jiangjin/.local/lib/python3.6/site-packages/matplotlib/backends/backend_agg.py:180: RuntimeWarning: Glyph 27721 missing from current font.
  font.set_text(s, 0, flags=flags)
/home/jiangjin/.local/lib/python3.6/site-packages/matplotlib/backends/backend_agg.py:211: RuntimeWarning: Glyph 33487 missing from current font.
  font.set_text(s, 0.0, flags=flags)
/home/jiangjin/.local/lib/python3.6/site-packages/matplotlib/backends/backend_agg.py:180: RuntimeWarning: Glyph 33487 missing from current font.
  font.set_text(s, 0, flags=flags)
/home/jiangjin/.local/lib/python3.6/site-packages/matplotlib/backends/backend_agg.py:211: RuntimeWarning: Glyph 20854 missing from current font.
  font.set_text(s, 0.0, flags=flags)
/home/jiangjin/.local/lib/python3.6/site-packages/matplotlib/backends/backend_agg.py:211: RuntimeWarning: Glyph 20182 missing from current font.
  font.set_text(s, 0.0, flags=flags)
/home/jiangjin/.local/lib/python3.6/site-packages/matplotlib/backends/backend_agg.py:180: RuntimeWarning: Glyph 20854 missing from current font.
  font.set_text(s, 0, flags=flags)
/home/jiangjin/.local/lib/python3.6/site-packages/matplotlib/backends/backend_agg.py:180: RuntimeWarning: Glyph 20182 missing from current font.
  font.set_text(s, 0, flags=flags)
/home/jiangjin/.local/lib/python3.6/site-packages/matplotlib/backends/backend_agg.py:180: RuntimeWarning: Glyph 32479 missing from current font.
  font.set_text(s, 0, flags=flags)
/home/jiangjin/.local/lib/python3.6/site-packages/matplotlib/backends/backend_agg.py:180: RuntimeWarning: Glyph 35745 missing from current font.
  font.set_text(s, 0, flags=flags)
/home/jiangjin/.local/lib/python3.6/site-packages/matplotlib/backends/backend_agg.py:180: RuntimeWarning: Glyph 22478 missing from current font.
  font.set_text(s, 0, flags=flags)
/home/jiangjin/.local/lib/python3.6/site-packages/matplotlib/backends/backend_agg.py:180: RuntimeWarning: Glyph 24066 missing from current font.
  font.set_text(s, 0, flags=flags)
/home/jiangjin/.local/lib/python3.6/site-packages/matplotlib/backends/backend_agg.py:180: RuntimeWarning: Glyph 21344 missing from current font.
  font.set_text(s, 0, flags=flags)
/home/jiangjin/.local/lib/python3.6/site-packages/matplotlib/backends/backend_agg.py:180: RuntimeWarning: Glyph 20840 missing from current font.
  font.set_text(s, 0, flags=flags)
/home/jiangjin/.local/lib/python3.6/site-packages/matplotlib/backends/backend_agg.py:180: RuntimeWarning: Glyph 37096 missing from current font.
  font.set_text(s, 0, flags=flags)
/home/jiangjin/.local/lib/python3.6/site-packages/matplotlib/backends/backend_agg.py:180: RuntimeWarning: Glyph 25307 missing from current font.
  font.set_text(s, 0, flags=flags)
/home/jiangjin/.local/lib/python3.6/site-packages/matplotlib/backends/backend_agg.py:180: RuntimeWarning: Glyph 32856 missing from current font.
  font.set_text(s, 0, flags=flags)
/home/jiangjin/.local/lib/python3.6/site-packages/matplotlib/backends/backend_agg.py:180: RuntimeWarning: Glyph 30340 missing from current font.
  font.set_text(s, 0, flags=flags)
/home/jiangjin/.local/lib/python3.6/site-packages/matplotlib/backends/backend_agg.py:180: RuntimeWarning: Glyph 27604 missing from current font.
  font.set_text(s, 0, flags=flags)
/home/jiangjin/.local/lib/python3.6/site-packages/matplotlib/backends/backend_agg.py:180: RuntimeWarning: Glyph 20363 missing from current font.
  font.set_text(s, 0, flags=flags)
Traceback (most recent call last):
  File "./data_analysis.py", line 113, in <module>
    map_bar(data,city)
  File "./data_analysis.py", line 108, in map_bar
    plt.savefig("全国招聘数前20名的平均工资统计表.png") 
  File "/home/jiangjin/.local/lib/python3.6/site-packages/matplotlib/pyplot.py", line 722, in savefig
    res = fig.savefig(*args, **kwargs)
  File "/home/jiangjin/.local/lib/python3.6/site-packages/matplotlib/figure.py", line 2180, in savefig
    self.canvas.print_figure(fname, **kwargs)
  File "/home/jiangjin/.local/lib/python3.6/site-packages/matplotlib/backend_bases.py", line 2089, in print_figure
    **kwargs)
  File "/home/jiangjin/.local/lib/python3.6/site-packages/matplotlib/backends/backend_gtk3agg.py", line 82, in print_png
    return agg.print_png(filename, *args, **kwargs)
  File "/home/jiangjin/.local/lib/python3.6/site-packages/matplotlib/backends/backend_agg.py", line 527, in print_png
    FigureCanvasAgg.draw(self)
  File "/home/jiangjin/.local/lib/python3.6/site-packages/matplotlib/backends/backend_agg.py", line 388, in draw
    self.figure.draw(self.renderer)
  File "/home/jiangjin/.local/lib/python3.6/site-packages/matplotlib/artist.py", line 38, in draw_wrapper
    return draw(artist, renderer, *args, **kwargs)
  File "/home/jiangjin/.local/lib/python3.6/site-packages/matplotlib/figure.py", line 1709, in draw
    renderer, self, artists, self.suppressComposite)
  File "/home/jiangjin/.local/lib/python3.6/site-packages/matplotlib/image.py", line 135, in _draw_list_compositing_images
    a.draw(renderer)
  File "/home/jiangjin/.local/lib/python3.6/site-packages/matplotlib/artist.py", line 38, in draw_wrapper
    return draw(artist, renderer, *args, **kwargs)
  File "/home/jiangjin/.local/lib/python3.6/site-packages/matplotlib/axes/_base.py", line 2607, in draw
    self._update_title_position(renderer)
  File "/home/jiangjin/.local/lib/python3.6/site-packages/matplotlib/axes/_base.py", line 2556, in _update_title_position
    if title.get_window_extent(renderer).ymin < top:
  File "/home/jiangjin/.local/lib/python3.6/site-packages/matplotlib/text.py", line 890, in get_window_extent
    bbox, info, descent = self._get_layout(self._renderer)
  File "/home/jiangjin/.local/lib/python3.6/site-packages/matplotlib/text.py", line 291, in _get_layout
    ismath="TeX" if self.get_usetex() else False)
  File "/home/jiangjin/.local/lib/python3.6/site-packages/matplotlib/backends/backend_agg.py", line 210, in get_text_width_height_descent
    font = self._get_agg_font(prop)
  File "/home/jiangjin/.local/lib/python3.6/site-packages/matplotlib/backends/backend_agg.py", line 246, in _get_agg_font
    font = get_font(fname)
  File "/home/jiangjin/.local/lib/python3.6/site-packages/matplotlib/font_manager.py", line 1341, in get_font
    return _get_font(filename, hinting_factor)
FileNotFoundError: [Errno 2] 没有那个文件或目录: 'C:\\Windows\\Fonts\\msyh.ttf'
/home/jiangjin/.local/lib/python3.6/site-packages/matplotlib/backends/backend_gtk3.py:197: Warning: Source ID 8 was not found when attempting to remove it
  GLib.source_remove(self._idle_draw_id)
